<?xml version="1.0" encoding="UTF-8"?>
<!-- Generated by org.testng.reporters.JUnitXMLReporter -->
<testsuite ignored="0" hostname="5CD1517823" failures="1" tests="7" name="TestNgPOMTest" time="41.792" errors="0" timestamp="2024-01-12T18:51:47 IST">
  <testcase classname="com.qa.tests.LoginPageTest" name="loginPageTitleTest" time="0.02">
    <skipped/>
  </testcase> <!-- loginPageTitleTest -->
  <testcase classname="com.qa.tests.LoginPageTest" name="loginPageTitleTest" time="0.011">
    <skipped/>
  </testcase> <!-- loginPageTitleTest -->
  <testcase classname="com.qa.tests.LoginPageTest" name="loginPageTitleTest" time="0.01">
    <skipped/>
  </testcase> <!-- loginPageTitleTest -->
  <testcase classname="com.qa.tests.LoginPageTest" name="loginPageTitleTest" time="0.008">
    <skipped/>
  </testcase> <!-- loginPageTitleTest -->
  <testcase classname="com.qa.tests.LoginPageTest" name="loginPageTitleTest" time="0.007">
    <failure type="java.lang.AssertionError" message="expected [Customer Login111] but found [Customer Login]">
      <![CDATA[java.lang.AssertionError: expected [Customer Login111] but found [Customer Login]
at com.qa.tests.LoginPageTest.loginPageTitleTest(LoginPageTest.java:35)
at java.base/java.util.ArrayList.forEach(ArrayList.java:1511)
... Removed 33 stack frames]]>
    </failure>
  </testcase> <!-- loginPageTitleTest -->
  <testcase classname="com.qa.tests.LoginPageTest" name="loginPageLogoTest" time="0.035"/>
  <testcase classname="com.qa.tests.LoginPageTest" name="loginTest" time="2.733"/>
</testsuite> <!-- TestNgPOMTest -->
